<?xml version="1.0" encoding="UTF-8"?>
<testng-results skipped="0" failed="0" ignored="0" total="1" passed="1">
  <reporter-output>
  </reporter-output>
  <suite name="Default suite" duration-ms="10514" started-at="2023-03-19T11:37:52Z" finished-at="2023-03-19T11:38:02Z">
    <groups>
    </groups>
    <test name="Default test" duration-ms="10514" started-at="2023-03-19T11:37:52Z" finished-at="2023-03-19T11:38:02Z">
      <class name="tuhoc.testcaseGG">
        <test-method status="PASS" signature="beforeClass()[pri:0, instance:tuhoc.testcaseGG@5d5eef3d]" name="beforeClass" is-config="true" duration-ms="6411" started-at="2023-03-19T11:37:52Z" finished-at="2023-03-19T11:37:58Z">
          <reporter-output>
          </reporter-output>
        </test-method> <!-- beforeClass -->
        <test-method status="PASS" signature="TC_Search_by_Enter()[pri:0, instance:tuhoc.testcaseGG@5d5eef3d]" name="TC_Search_by_Enter" duration-ms="3314" started-at="2023-03-19T11:37:58Z" finished-at="2023-03-19T11:38:02Z">
          <reporter-output>
          </reporter-output>
        </test-method> <!-- TC_Search_by_Enter -->
        <test-method status="PASS" signature="afterClass()[pri:0, instance:tuhoc.testcaseGG@5d5eef3d]" name="afterClass" is-config="true" duration-ms="766" started-at="2023-03-19T11:38:02Z" finished-at="2023-03-19T11:38:02Z">
          <reporter-output>
          </reporter-output>
        </test-method> <!-- afterClass -->
      </class> <!-- tuhoc.testcaseGG -->
    </test> <!-- Default test -->
  </suite> <!-- Default suite -->
</testng-results>
